<?xml version="1.0" encoding="UTF-8"?>
<!-- Generated by org.testng.reporters.JUnitReportReporter -->
<testsuite hostname="TYSS-Adarsh" failures="0" tests="1" name="com.crm.testcases.ParametersTest" time="0.006" errors="0" timestamp="2022-03-23T11:26:23 IST" skipped="0">
  <testcase classname="com.crm.testcases.ParametersTest" name="getData" time="0.006"/>
  <system-out/>
</testsuite> <!-- com.crm.testcases.ParametersTest -->
